<?xml version="1.0" encoding="UTF-8"?>
<coverage generated="1649808736854" clover="3.2.0">
  <project timestamp="1649808736854" name="All files">
    <metrics statements="20" coveredstatements="20" conditionals="6" coveredconditionals="6" methods="4" coveredmethods="4" elements="30" coveredelements="30" complexity="0" loc="20" ncloc="20" packages="1" files="1" classes="1"/>
    <file name="markov.js" path="/Users/Yuri/Desktop/rithm/node-markov/markov.js">
      <metrics statements="20" coveredstatements="20" conditionals="6" coveredconditionals="6" methods="4" coveredmethods="4"/>
      <line num="18" count="2" type="stmt"/>
      <line num="19" count="2" type="stmt"/>
      <line num="39" count="4" type="stmt"/>
      <line num="40" count="4" type="stmt"/>
      <line num="41" count="44" type="cond" truecount="2" falsecount="0"/>
      <line num="42" count="4" type="stmt"/>
      <line num="43" count="4" type="stmt"/>
      <line num="46" count="40" type="cond" truecount="2" falsecount="0"/>
      <line num="47" count="6" type="stmt"/>
      <line num="49" count="34" type="stmt"/>
      <line num="64" count="1" type="stmt"/>
      <line num="65" count="1" type="stmt"/>
      <line num="69" count="1" type="stmt"/>
      <line num="70" count="7" type="stmt"/>
      <line num="71" count="7" type="cond" truecount="2" falsecount="0"/>
      <line num="72" count="6" type="stmt"/>
      <line num="74" count="7" type="stmt"/>
      <line num="76" count="1" type="stmt"/>
      <line num="82" count="7" type="stmt"/>
      <line num="85" count="1" type="stmt"/>
    </file>
  </project>
</coverage>
