{"/Users/Yuri/Desktop/rithm/node-markov/markov.js": {"path":"/Users/Yuri/Desktop/rithm/node-markov/markov.js","statementMap":{"0":{"start":{"line":18,"column":4},"end":{"line":18,"column":40}},"1":{"start":{"line":19,"column":4},"end":{"line":19,"column":35}},"2":{"start":{"line":39,"column":24},"end":{"line":39,"column":26}},"3":{"start":{"line":40,"column":4},"end":{"line":51,"column":5}},"4":{"start":{"line":40,"column":17},"end":{"line":40,"column":18}},"5":{"start":{"line":41,"column":6},"end":{"line":44,"column":7}},"6":{"start":{"line":42,"column":8},"end":{"line":42,"column":44}},"7":{"start":{"line":43,"column":8},"end":{"line":43,"column":27}},"8":{"start":{"line":46,"column":6},"end":{"line":50,"column":7}},"9":{"start":{"line":47,"column":8},"end":{"line":47,"column":59}},"10":{"start":{"line":49,"column":8},"end":{"line":49,"column":57}},"11":{"start":{"line":64,"column":18},"end":{"line":64,"column":31}},"12":{"start":{"line":65,"column":19},"end":{"line":65,"column":32}},"13":{"start":{"line":69,"column":4},"end":{"line":75,"column":5}},"14":{"start":{"line":70,"column":23},"end":{"line":70,"column":59}},"15":{"start":{"line":71,"column":6},"end":{"line":73,"column":7}},"16":{"start":{"line":72,"column":8},"end":{"line":72,"column":37}},"17":{"start":{"line":74,"column":6},"end":{"line":74,"column":28}},"18":{"start":{"line":76,"column":4},"end":{"line":76,"column":19}},"19":{"start":{"line":82,"column":2},"end":{"line":82,"column":53}},"20":{"start":{"line":85,"column":0},"end":{"line":88,"column":1}}},"fnMap":{"0":{"name":"(anonymous_0)","decl":{"start":{"line":15,"column":2},"end":{"line":15,"column":3}},"loc":{"start":{"line":15,"column":20},"end":{"line":20,"column":3}},"line":15},"1":{"name":"(anonymous_1)","decl":{"start":{"line":36,"column":2},"end":{"line":36,"column":3}},"loc":{"start":{"line":36,"column":14},"end":{"line":52,"column":3}},"line":36},"2":{"name":"(anonymous_2)","decl":{"start":{"line":58,"column":2},"end":{"line":58,"column":3}},"loc":{"start":{"line":58,"column":12},"end":{"line":77,"column":3}},"line":58},"3":{"name":"getRandomWord","decl":{"start":{"line":81,"column":9},"end":{"line":81,"column":22}},"loc":{"start":{"line":81,"column":28},"end":{"line":83,"column":1}},"line":81}},"branchMap":{"0":{"loc":{"start":{"line":41,"column":6},"end":{"line":44,"column":7}},"type":"if","locations":[{"start":{"line":41,"column":6},"end":{"line":44,"column":7}},{"start":{},"end":{}}],"line":41},"1":{"loc":{"start":{"line":46,"column":6},"end":{"line":50,"column":7}},"type":"if","locations":[{"start":{"line":46,"column":6},"end":{"line":50,"column":7}},{"start":{"line":48,"column":13},"end":{"line":50,"column":7}}],"line":46},"2":{"loc":{"start":{"line":71,"column":6},"end":{"line":73,"column":7}},"type":"if","locations":[{"start":{"line":71,"column":6},"end":{"line":73,"column":7}},{"start":{},"end":{}}],"line":71}},"s":{"0":2,"1":2,"2":4,"3":4,"4":4,"5":44,"6":4,"7":4,"8":40,"9":6,"10":34,"11":1,"12":1,"13":1,"14":7,"15":7,"16":6,"17":7,"18":1,"19":7,"20":1},"f":{"0":2,"1":4,"2":1,"3":7},"b":{"0":[4,40],"1":[6,34],"2":[6,1]},"_coverageSchema":"1a1c01bbd47fc00a2c39e90264f33305004495a9","hash":"ce1599a2baf9edbae7b9c4fc410515a1c5001758"}
}
